INFO:     Will watch for changes in these directories: ['/Users/macbook13/Documents/pharma_new/backend']
INFO:     Uvicorn running on http://127.0.0.1:8000 (Press CTRL+C to quit)
INFO:     Started reloader process [39679] using WatchFiles
/Users/macbook13/Documents/pharma_new/.venv/lib/python3.13/site-packages/pydantic/_internal/_config.py:383: UserWarning: Valid config keys have changed in V2:
* 'orm_mode' has been renamed to 'from_attributes'
  warnings.warn(message, UserWarning)
/Users/macbook13/Documents/pharma_new/.venv/lib/python3.13/site-packages/pydantic/_internal/_config.py:383: UserWarning: Valid config keys have changed in V2:
* 'orm_mode' has been renamed to 'from_attributes'
  warnings.warn(message, UserWarning)
/Users/macbook13/Documents/pharma_new/.venv/lib/python3.13/site-packages/pydantic/_internal/_config.py:383: UserWarning: Valid config keys have changed in V2:
* 'orm_mode' has been renamed to 'from_attributes'
  warnings.warn(message, UserWarning)
/Users/macbook13/Documents/pharma_new/.venv/lib/python3.13/site-packages/pydantic/_internal/_config.py:383: UserWarning: Valid config keys have changed in V2:
* 'orm_mode' has been renamed to 'from_attributes'
  warnings.warn(message, UserWarning)
/Users/macbook13/Documents/pharma_new/backend/app/api/v1/endpoints/reports.py:23: FastAPIDeprecationWarning: `regex` has been deprecated, please use `pattern` instead
  period: str = Query("monthly", regex="^(daily|weekly|monthly|quarterly|yearly)$")
INFO:     Started server process [39741]
INFO:     Waiting for application startup.
INFO  [alembic.runtime.migration] Context impl PostgresqlImpl.
INFO  [alembic.runtime.migration] Will assume transactional DDL.
INFO  [alembic.runtime.migration] Running upgrade 7b8e9f0a1b2c -> 8c9d0a1b2c3d, expand_login_history_columns
Running database migrations on startup...
Migrations applied successfully!
Initializing database data...
2026-03-29 12:58:50,094 INFO sqlalchemy.engine.Engine select pg_catalog.version()
INFO:sqlalchemy.engine.Engine:select pg_catalog.version()
2026-03-29 12:58:50,094 INFO sqlalchemy.engine.Engine [raw sql] ()
INFO:sqlalchemy.engine.Engine:[raw sql] ()
2026-03-29 12:58:50,098 INFO sqlalchemy.engine.Engine select current_schema()
INFO:sqlalchemy.engine.Engine:select current_schema()
2026-03-29 12:58:50,099 INFO sqlalchemy.engine.Engine [raw sql] ()
INFO:sqlalchemy.engine.Engine:[raw sql] ()
2026-03-29 12:58:50,101 INFO sqlalchemy.engine.Engine show standard_conforming_strings
INFO:sqlalchemy.engine.Engine:show standard_conforming_strings
2026-03-29 12:58:50,101 INFO sqlalchemy.engine.Engine [raw sql] ()
INFO:sqlalchemy.engine.Engine:[raw sql] ()
2026-03-29 12:58:50,102 INFO sqlalchemy.engine.Engine BEGIN (implicit)
INFO:sqlalchemy.engine.Engine:BEGIN (implicit)
2026-03-29 12:58:50,103 INFO sqlalchemy.engine.Engine 
            CREATE TABLE IF NOT EXISTS userloginhistory (
                id SERIAL PRIMARY KEY,
                user_id INTEGER NOT NULL REFERENCES "user"(id) ON DELETE CASCADE,
                login_at TIMESTAMP WITH TIME ZONE DEFAULT CURRENT_TIMESTAMP,
                ip_address VARCHAR,
                location VARCHAR,
                user_agent VARCHAR
            );
        
INFO:sqlalchemy.engine.Engine:
            CREATE TABLE IF NOT EXISTS userloginhistory (
                id SERIAL PRIMARY KEY,
                user_id INTEGER NOT NULL REFERENCES "user"(id) ON DELETE CASCADE,
                login_at TIMESTAMP WITH TIME ZONE DEFAULT CURRENT_TIMESTAMP,
                ip_address VARCHAR,
                location VARCHAR,
                user_agent VARCHAR
            );
        
2026-03-29 12:58:50,104 INFO sqlalchemy.engine.Engine [generated in 0.00030s] ()
INFO:sqlalchemy.engine.Engine:[generated in 0.00030s] ()
2026-03-29 12:58:50,107 INFO sqlalchemy.engine.Engine 
            CREATE TABLE IF NOT EXISTS user_regions (
                user_id INTEGER NOT NULL REFERENCES "user"(id) ON DELETE CASCADE,
                region_id INTEGER NOT NULL REFERENCES region(id) ON DELETE CASCADE,
                PRIMARY KEY (user_id, region_id)
            );
        
INFO:sqlalchemy.engine.Engine:
            CREATE TABLE IF NOT EXISTS user_regions (
                user_id INTEGER NOT NULL REFERENCES "user"(id) ON DELETE CASCADE,
                region_id INTEGER NOT NULL REFERENCES region(id) ON DELETE CASCADE,
                PRIMARY KEY (user_id, region_id)
            );
        
2026-03-29 12:58:50,107 INFO sqlalchemy.engine.Engine [generated in 0.00026s] ()
INFO:sqlalchemy.engine.Engine:[generated in 0.00026s] ()
2026-03-29 12:58:50,108 INFO sqlalchemy.engine.Engine COMMIT
INFO:sqlalchemy.engine.Engine:COMMIT
2026-03-29 12:58:50,110 INFO sqlalchemy.engine.Engine BEGIN (implicit)
INFO:sqlalchemy.engine.Engine:BEGIN (implicit)
2026-03-29 12:58:50,256 INFO sqlalchemy.engine.Engine SELECT "user".id, "user".full_name, "user".username, "user".hashed_password, "user".is_active, "user".role, "user".manager_id 
FROM "user" 
WHERE "user".username = $1::VARCHAR
INFO:sqlalchemy.engine.Engine:SELECT "user".id, "user".full_name, "user".username, "user".hashed_password, "user".is_active, "user".role, "user".manager_id 
FROM "user" 
WHERE "user".username = $1::VARCHAR
2026-03-29 12:58:50,257 INFO sqlalchemy.engine.Engine [generated in 0.00047s] ('admin',)
INFO:sqlalchemy.engine.Engine:[generated in 0.00047s] ('admin',)
INFO:app.initial_data:Superuser already exists
2026-03-29 12:58:50,293 INFO sqlalchemy.engine.Engine SELECT "user".id, "user".full_name, "user".username, "user".hashed_password, "user".is_active, "user".role, "user".manager_id 
FROM "user" 
WHERE "user".username = $1::VARCHAR
INFO:sqlalchemy.engine.Engine:SELECT "user".id, "user".full_name, "user".username, "user".hashed_password, "user".is_active, "user".role, "user".manager_id 
FROM "user" 
WHERE "user".username = $1::VARCHAR
2026-03-29 12:58:50,293 INFO sqlalchemy.engine.Engine [cached since 0.03649s ago] ('admin123',)
INFO:sqlalchemy.engine.Engine:[cached since 0.03649s ago] ('admin123',)
2026-03-29 12:58:50,611 INFO sqlalchemy.engine.Engine UPDATE "user" SET hashed_password=$1::VARCHAR WHERE "user".id = $2::INTEGER
INFO:sqlalchemy.engine.Engine:UPDATE "user" SET hashed_password=$1::VARCHAR WHERE "user".id = $2::INTEGER
2026-03-29 12:58:50,611 INFO sqlalchemy.engine.Engine [generated in 0.00028s] ('$2b$12$MHyyn7Koo0xJe.HaeyrqWeZ3ZwEEwXnQ4rrUeSwQUn9himvwFUAcm', 11)
INFO:sqlalchemy.engine.Engine:[generated in 0.00028s] ('$2b$12$MHyyn7Koo0xJe.HaeyrqWeZ3ZwEEwXnQ4rrUeSwQUn9himvwFUAcm', 11)
2026-03-29 12:58:50,618 INFO sqlalchemy.engine.Engine COMMIT
INFO:sqlalchemy.engine.Engine:COMMIT
INFO:app.initial_data:HRD account (admin123) updated/verified
2026-03-29 12:58:50,619 INFO sqlalchemy.engine.Engine BEGIN (implicit)
INFO:sqlalchemy.engine.Engine:BEGIN (implicit)
2026-03-29 12:58:50,619 INFO sqlalchemy.engine.Engine SELECT "user".id, "user".full_name, "user".username, "user".hashed_password, "user".is_active, "user".role, "user".manager_id 
FROM "user" 
WHERE "user".username = $1::VARCHAR
INFO:sqlalchemy.engine.Engine:SELECT "user".id, "user".full_name, "user".username, "user".hashed_password, "user".is_active, "user".role, "user".manager_id 
FROM "user" 
WHERE "user".username = $1::VARCHAR
2026-03-29 12:58:50,619 INFO sqlalchemy.engine.Engine [cached since 0.3631s ago] ('owner',)
INFO:sqlalchemy.engine.Engine:[cached since 0.3631s ago] ('owner',)
2026-03-29 12:58:50,919 INFO sqlalchemy.engine.Engine INSERT INTO "user" (full_name, username, hashed_password, is_active, role, manager_id) VALUES ($1::VARCHAR, $2::VARCHAR, $3::VARCHAR, $4::BOOLEAN, $5::VARCHAR, $6::INTEGER) RETURNING "user".id
INFO:sqlalchemy.engine.Engine:INSERT INTO "user" (full_name, username, hashed_password, is_active, role, manager_id) VALUES ($1::VARCHAR, $2::VARCHAR, $3::VARCHAR, $4::BOOLEAN, $5::VARCHAR, $6::INTEGER) RETURNING "user".id
2026-03-29 12:58:50,919 INFO sqlalchemy.engine.Engine [generated in 0.00024s] ('Owner', 'owner', '$2b$12$bGtSPUKci61kS.0EVnk91..Ndv9IiEdC6aATHU4CiQ4itsIJWCHIu', True, <UserRole.INVESTOR: 'investor'>, None)
INFO:sqlalchemy.engine.Engine:[generated in 0.00024s] ('Owner', 'owner', '$2b$12$bGtSPUKci61kS.0EVnk91..Ndv9IiEdC6aATHU4CiQ4itsIJWCHIu', True, <UserRole.INVESTOR: 'investor'>, None)
2026-03-29 12:58:50,958 INFO sqlalchemy.engine.Engine COMMIT
INFO:sqlalchemy.engine.Engine:COMMIT
INFO:app.initial_data:Owner (investor) account created
INFO:     Application startup complete.
WARNING:  WatchFiles detected changes in 'app/api/v1/endpoints/crm.py'. Reloading...
INFO:     Shutting down
INFO:     Waiting for application shutdown.
INFO:     Application shutdown complete.
INFO:     Finished server process [39741]
/Users/macbook13/Documents/pharma_new/.venv/lib/python3.13/site-packages/pydantic/_internal/_config.py:383: UserWarning: Valid config keys have changed in V2:
* 'orm_mode' has been renamed to 'from_attributes'
  warnings.warn(message, UserWarning)
/Users/macbook13/Documents/pharma_new/.venv/lib/python3.13/site-packages/pydantic/_internal/_config.py:383: UserWarning: Valid config keys have changed in V2:
* 'orm_mode' has been renamed to 'from_attributes'
  warnings.warn(message, UserWarning)
/Users/macbook13/Documents/pharma_new/.venv/lib/python3.13/site-packages/pydantic/_internal/_config.py:383: UserWarning: Valid config keys have changed in V2:
* 'orm_mode' has been renamed to 'from_attributes'
  warnings.warn(message, UserWarning)
/Users/macbook13/Documents/pharma_new/.venv/lib/python3.13/site-packages/pydantic/_internal/_config.py:383: UserWarning: Valid config keys have changed in V2:
* 'orm_mode' has been renamed to 'from_attributes'
  warnings.warn(message, UserWarning)
/Users/macbook13/Documents/pharma_new/backend/app/api/v1/endpoints/reports.py:23: FastAPIDeprecationWarning: `regex` has been deprecated, please use `pattern` instead
  period: str = Query("monthly", regex="^(daily|weekly|monthly|quarterly|yearly)$")
INFO:     Started server process [43536]
INFO:     Waiting for application startup.
INFO  [alembic.runtime.migration] Context impl PostgresqlImpl.
INFO  [alembic.runtime.migration] Will assume transactional DDL.
Running database migrations on startup...
Migrations applied successfully!
Initializing database data...
2026-03-29 13:30:42,090 INFO sqlalchemy.engine.Engine select pg_catalog.version()
INFO:sqlalchemy.engine.Engine:select pg_catalog.version()
2026-03-29 13:30:42,091 INFO sqlalchemy.engine.Engine [raw sql] ()
INFO:sqlalchemy.engine.Engine:[raw sql] ()
2026-03-29 13:30:42,093 INFO sqlalchemy.engine.Engine select current_schema()
INFO:sqlalchemy.engine.Engine:select current_schema()
2026-03-29 13:30:42,094 INFO sqlalchemy.engine.Engine [raw sql] ()
INFO:sqlalchemy.engine.Engine:[raw sql] ()
2026-03-29 13:30:42,095 INFO sqlalchemy.engine.Engine show standard_conforming_strings
INFO:sqlalchemy.engine.Engine:show standard_conforming_strings
2026-03-29 13:30:42,095 INFO sqlalchemy.engine.Engine [raw sql] ()
INFO:sqlalchemy.engine.Engine:[raw sql] ()
2026-03-29 13:30:42,096 INFO sqlalchemy.engine.Engine BEGIN (implicit)
INFO:sqlalchemy.engine.Engine:BEGIN (implicit)
2026-03-29 13:30:42,096 INFO sqlalchemy.engine.Engine 
            CREATE TABLE IF NOT EXISTS userloginhistory (
                id SERIAL PRIMARY KEY,
                user_id INTEGER NOT NULL REFERENCES "user"(id) ON DELETE CASCADE,
                login_at TIMESTAMP WITH TIME ZONE DEFAULT CURRENT_TIMESTAMP,
                ip_address VARCHAR,
                location VARCHAR,
                user_agent VARCHAR
            );
        
INFO:sqlalchemy.engine.Engine:
            CREATE TABLE IF NOT EXISTS userloginhistory (
                id SERIAL PRIMARY KEY,
                user_id INTEGER NOT NULL REFERENCES "user"(id) ON DELETE CASCADE,
                login_at TIMESTAMP WITH TIME ZONE DEFAULT CURRENT_TIMESTAMP,
                ip_address VARCHAR,
                location VARCHAR,
                user_agent VARCHAR
            );
        
2026-03-29 13:30:42,097 INFO sqlalchemy.engine.Engine [generated in 0.00025s] ()
INFO:sqlalchemy.engine.Engine:[generated in 0.00025s] ()
2026-03-29 13:30:42,103 INFO sqlalchemy.engine.Engine 
            CREATE TABLE IF NOT EXISTS user_regions (
                user_id INTEGER NOT NULL REFERENCES "user"(id) ON DELETE CASCADE,
                region_id INTEGER NOT NULL REFERENCES region(id) ON DELETE CASCADE,
                PRIMARY KEY (user_id, region_id)
            );
        
INFO:sqlalchemy.engine.Engine:
            CREATE TABLE IF NOT EXISTS user_regions (
                user_id INTEGER NOT NULL REFERENCES "user"(id) ON DELETE CASCADE,
                region_id INTEGER NOT NULL REFERENCES region(id) ON DELETE CASCADE,
                PRIMARY KEY (user_id, region_id)
            );
        
2026-03-29 13:30:42,103 INFO sqlalchemy.engine.Engine [generated in 0.00032s] ()
INFO:sqlalchemy.engine.Engine:[generated in 0.00032s] ()
2026-03-29 13:30:42,104 INFO sqlalchemy.engine.Engine COMMIT
INFO:sqlalchemy.engine.Engine:COMMIT
2026-03-29 13:30:42,107 INFO sqlalchemy.engine.Engine BEGIN (implicit)
INFO:sqlalchemy.engine.Engine:BEGIN (implicit)
2026-03-29 13:30:42,249 INFO sqlalchemy.engine.Engine SELECT "user".id, "user".full_name, "user".username, "user".hashed_password, "user".is_active, "user".role, "user".manager_id 
FROM "user" 
WHERE "user".username = $1::VARCHAR
INFO:sqlalchemy.engine.Engine:SELECT "user".id, "user".full_name, "user".username, "user".hashed_password, "user".is_active, "user".role, "user".manager_id 
FROM "user" 
WHERE "user".username = $1::VARCHAR
2026-03-29 13:30:42,249 INFO sqlalchemy.engine.Engine [generated in 0.00032s] ('admin',)
INFO:sqlalchemy.engine.Engine:[generated in 0.00032s] ('admin',)
INFO:app.initial_data:Superuser already exists
2026-03-29 13:30:42,259 INFO sqlalchemy.engine.Engine SELECT "user".id, "user".full_name, "user".username, "user".hashed_password, "user".is_active, "user".role, "user".manager_id 
FROM "user" 
WHERE "user".username = $1::VARCHAR
INFO:sqlalchemy.engine.Engine:SELECT "user".id, "user".full_name, "user".username, "user".hashed_password, "user".is_active, "user".role, "user".manager_id 
FROM "user" 
WHERE "user".username = $1::VARCHAR
2026-03-29 13:30:42,259 INFO sqlalchemy.engine.Engine [cached since 0.009695s ago] ('admin123',)
INFO:sqlalchemy.engine.Engine:[cached since 0.009695s ago] ('admin123',)
2026-03-29 13:30:42,541 INFO sqlalchemy.engine.Engine UPDATE "user" SET hashed_password=$1::VARCHAR WHERE "user".id = $2::INTEGER
INFO:sqlalchemy.engine.Engine:UPDATE "user" SET hashed_password=$1::VARCHAR WHERE "user".id = $2::INTEGER
2026-03-29 13:30:42,541 INFO sqlalchemy.engine.Engine [generated in 0.00037s] ('$2b$12$ZaD2DnHEBFYt8Eili76UAevbNcWFCIxRDEZ./huhdTjaqH0KzIHFS', 11)
INFO:sqlalchemy.engine.Engine:[generated in 0.00037s] ('$2b$12$ZaD2DnHEBFYt8Eili76UAevbNcWFCIxRDEZ./huhdTjaqH0KzIHFS', 11)
2026-03-29 13:30:42,562 INFO sqlalchemy.engine.Engine COMMIT
INFO:sqlalchemy.engine.Engine:COMMIT
INFO:app.initial_data:HRD account (admin123) updated/verified
2026-03-29 13:30:42,565 INFO sqlalchemy.engine.Engine BEGIN (implicit)
INFO:sqlalchemy.engine.Engine:BEGIN (implicit)
2026-03-29 13:30:42,566 INFO sqlalchemy.engine.Engine SELECT "user".id, "user".full_name, "user".username, "user".hashed_password, "user".is_active, "user".role, "user".manager_id 
FROM "user" 
WHERE "user".username = $1::VARCHAR
INFO:sqlalchemy.engine.Engine:SELECT "user".id, "user".full_name, "user".username, "user".hashed_password, "user".is_active, "user".role, "user".manager_id 
FROM "user" 
WHERE "user".username = $1::VARCHAR
2026-03-29 13:30:42,566 INFO sqlalchemy.engine.Engine [cached since 0.3171s ago] ('owner',)
INFO:sqlalchemy.engine.Engine:[cached since 0.3171s ago] ('owner',)
2026-03-29 13:30:42,853 INFO sqlalchemy.engine.Engine UPDATE "user" SET hashed_password=$1::VARCHAR WHERE "user".id = $2::INTEGER
INFO:sqlalchemy.engine.Engine:UPDATE "user" SET hashed_password=$1::VARCHAR WHERE "user".id = $2::INTEGER
2026-03-29 13:30:42,853 INFO sqlalchemy.engine.Engine [cached since 0.3123s ago] ('$2b$12$Bq15vPUuFvbJWMM3uvhstekqsgKqcrUSPuNkP3n5OzGqGAVqcmxcC', 15)
INFO:sqlalchemy.engine.Engine:[cached since 0.3123s ago] ('$2b$12$Bq15vPUuFvbJWMM3uvhstekqsgKqcrUSPuNkP3n5OzGqGAVqcmxcC', 15)
2026-03-29 13:30:42,855 INFO sqlalchemy.engine.Engine COMMIT
INFO:sqlalchemy.engine.Engine:COMMIT
INFO:app.initial_data:Owner (investor) account updated/verified
INFO:     Application startup complete.
WARNING:  WatchFiles detected changes in 'app/api/v1/endpoints/crm.py'. Reloading...
INFO:     Shutting down
INFO:     Waiting for application shutdown.
INFO:     Application shutdown complete.
INFO:     Finished server process [43536]
/Users/macbook13/Documents/pharma_new/.venv/lib/python3.13/site-packages/pydantic/_internal/_config.py:383: UserWarning: Valid config keys have changed in V2:
* 'orm_mode' has been renamed to 'from_attributes'
  warnings.warn(message, UserWarning)
/Users/macbook13/Documents/pharma_new/.venv/lib/python3.13/site-packages/pydantic/_internal/_config.py:383: UserWarning: Valid config keys have changed in V2:
* 'orm_mode' has been renamed to 'from_attributes'
  warnings.warn(message, UserWarning)
/Users/macbook13/Documents/pharma_new/.venv/lib/python3.13/site-packages/pydantic/_internal/_config.py:383: UserWarning: Valid config keys have changed in V2:
* 'orm_mode' has been renamed to 'from_attributes'
  warnings.warn(message, UserWarning)
Process SpawnProcess-3:
Traceback (most recent call last):
  File "/Library/Frameworks/Python.framework/Versions/3.13/lib/python3.13/multiprocessing/process.py", line 313, in _bootstrap
    self.run()
    ~~~~~~~~^^
  File "/Library/Frameworks/Python.framework/Versions/3.13/lib/python3.13/multiprocessing/process.py", line 108, in run
    self._target(*self._args, **self._kwargs)
    ~~~~~~~~~~~~^^^^^^^^^^^^^^^^^^^^^^^^^^^^^
  File "/Users/macbook13/Documents/pharma_new/.venv/lib/python3.13/site-packages/uvicorn/_subprocess.py", line 80, in subprocess_started
    target(sockets=sockets)
    ~~~~~~^^^^^^^^^^^^^^^^^
  File "/Users/macbook13/Documents/pharma_new/.venv/lib/python3.13/site-packages/uvicorn/server.py", line 75, in run
    return asyncio_run(self.serve(sockets=sockets), loop_factory=self.config.get_loop_factory())
  File "/Library/Frameworks/Python.framework/Versions/3.13/lib/python3.13/asyncio/runners.py", line 195, in run
    return runner.run(main)
           ~~~~~~~~~~^^^^^^
  File "/Library/Frameworks/Python.framework/Versions/3.13/lib/python3.13/asyncio/runners.py", line 118, in run
    return self._loop.run_until_complete(task)
           ~~~~~~~~~~~~~~~~~~~~~~~~~~~~~^^^^^^
  File "uvloop/loop.pyx", line 1518, in uvloop.loop.Loop.run_until_complete
  File "/Users/macbook13/Documents/pharma_new/.venv/lib/python3.13/site-packages/uvicorn/server.py", line 79, in serve
    await self._serve(sockets)
  File "/Users/macbook13/Documents/pharma_new/.venv/lib/python3.13/site-packages/uvicorn/server.py", line 86, in _serve
    config.load()
    ~~~~~~~~~~~^^
  File "/Users/macbook13/Documents/pharma_new/.venv/lib/python3.13/site-packages/uvicorn/config.py", line 441, in load
    self.loaded_app = import_from_string(self.app)
                      ~~~~~~~~~~~~~~~~~~^^^^^^^^^^
  File "/Users/macbook13/Documents/pharma_new/.venv/lib/python3.13/site-packages/uvicorn/importer.py", line 19, in import_from_string
    module = importlib.import_module(module_str)
  File "/Library/Frameworks/Python.framework/Versions/3.13/lib/python3.13/importlib/__init__.py", line 88, in import_module
    return _bootstrap._gcd_import(name[level:], package, level)
           ~~~~~~~~~~~~~~~~~~~~~~^^^^^^^^^^^^^^^^^^^^^^^^^^^^^^
  File "<frozen importlib._bootstrap>", line 1387, in _gcd_import
  File "<frozen importlib._bootstrap>", line 1360, in _find_and_load
  File "<frozen importlib._bootstrap>", line 1331, in _find_and_load_unlocked
  File "<frozen importlib._bootstrap>", line 935, in _load_unlocked
  File "<frozen importlib._bootstrap_external>", line 1026, in exec_module
  File "<frozen importlib._bootstrap>", line 488, in _call_with_frames_removed
  File "/Users/macbook13/Documents/pharma_new/backend/app/main.py", line 6, in <module>
    from app.api.v1.api import api_router
  File "/Users/macbook13/Documents/pharma_new/backend/app/api/v1/api.py", line 2, in <module>
    from app.api.v1.endpoints import (
    ...<3 lines>...
    )
  File "/Users/macbook13/Documents/pharma_new/backend/app/api/v1/endpoints/crm.py", line 321, in <module>
    @router.get("/doctors/{id}/plans", response_model=List[Plan])
                                                           ^^^^
NameError: name 'Plan' is not defined
WARNING:  WatchFiles detected changes in 'app/api/v1/endpoints/crm.py'. Reloading...
/Users/macbook13/Documents/pharma_new/.venv/lib/python3.13/site-packages/pydantic/_internal/_config.py:383: UserWarning: Valid config keys have changed in V2:
* 'orm_mode' has been renamed to 'from_attributes'
  warnings.warn(message, UserWarning)
/Users/macbook13/Documents/pharma_new/.venv/lib/python3.13/site-packages/pydantic/_internal/_config.py:383: UserWarning: Valid config keys have changed in V2:
* 'orm_mode' has been renamed to 'from_attributes'
  warnings.warn(message, UserWarning)
/Users/macbook13/Documents/pharma_new/.venv/lib/python3.13/site-packages/pydantic/_internal/_config.py:383: UserWarning: Valid config keys have changed in V2:
* 'orm_mode' has been renamed to 'from_attributes'
  warnings.warn(message, UserWarning)
/Users/macbook13/Documents/pharma_new/backend/app/api/v1/endpoints/reports.py:23: FastAPIDeprecationWarning: `regex` has been deprecated, please use `pattern` instead
  period: str = Query("monthly", regex="^(daily|weekly|monthly|quarterly|yearly)$")
INFO:     Started server process [51028]
INFO:     Waiting for application startup.
INFO  [alembic.runtime.migration] Context impl PostgresqlImpl.
INFO  [alembic.runtime.migration] Will assume transactional DDL.
Running database migrations on startup...
Migrations applied successfully!
Initializing database data...
2026-03-29 15:04:27,145 INFO sqlalchemy.engine.Engine select pg_catalog.version()
INFO:sqlalchemy.engine.Engine:select pg_catalog.version()
2026-03-29 15:04:27,146 INFO sqlalchemy.engine.Engine [raw sql] ()
INFO:sqlalchemy.engine.Engine:[raw sql] ()
2026-03-29 15:04:27,174 INFO sqlalchemy.engine.Engine select current_schema()
INFO:sqlalchemy.engine.Engine:select current_schema()
2026-03-29 15:04:27,174 INFO sqlalchemy.engine.Engine [raw sql] ()
INFO:sqlalchemy.engine.Engine:[raw sql] ()
2026-03-29 15:04:27,176 INFO sqlalchemy.engine.Engine show standard_conforming_strings
INFO:sqlalchemy.engine.Engine:show standard_conforming_strings
2026-03-29 15:04:27,176 INFO sqlalchemy.engine.Engine [raw sql] ()
INFO:sqlalchemy.engine.Engine:[raw sql] ()
2026-03-29 15:04:27,178 INFO sqlalchemy.engine.Engine BEGIN (implicit)
INFO:sqlalchemy.engine.Engine:BEGIN (implicit)
2026-03-29 15:04:27,180 INFO sqlalchemy.engine.Engine 
            CREATE TABLE IF NOT EXISTS userloginhistory (
                id SERIAL PRIMARY KEY,
                user_id INTEGER NOT NULL REFERENCES "user"(id) ON DELETE CASCADE,
                login_at TIMESTAMP WITH TIME ZONE DEFAULT CURRENT_TIMESTAMP,
                ip_address VARCHAR,
                location VARCHAR,
                user_agent VARCHAR
            );
        
INFO:sqlalchemy.engine.Engine:
            CREATE TABLE IF NOT EXISTS userloginhistory (
                id SERIAL PRIMARY KEY,
                user_id INTEGER NOT NULL REFERENCES "user"(id) ON DELETE CASCADE,
                login_at TIMESTAMP WITH TIME ZONE DEFAULT CURRENT_TIMESTAMP,
                ip_address VARCHAR,
                location VARCHAR,
                user_agent VARCHAR
            );
        
2026-03-29 15:04:27,180 INFO sqlalchemy.engine.Engine [generated in 0.00031s] ()
INFO:sqlalchemy.engine.Engine:[generated in 0.00031s] ()
2026-03-29 15:04:27,185 INFO sqlalchemy.engine.Engine 
            CREATE TABLE IF NOT EXISTS user_regions (
                user_id INTEGER NOT NULL REFERENCES "user"(id) ON DELETE CASCADE,
                region_id INTEGER NOT NULL REFERENCES region(id) ON DELETE CASCADE,
                PRIMARY KEY (user_id, region_id)
            );
        
INFO:sqlalchemy.engine.Engine:
            CREATE TABLE IF NOT EXISTS user_regions (
                user_id INTEGER NOT NULL REFERENCES "user"(id) ON DELETE CASCADE,
                region_id INTEGER NOT NULL REFERENCES region(id) ON DELETE CASCADE,
                PRIMARY KEY (user_id, region_id)
            );
        
2026-03-29 15:04:27,186 INFO sqlalchemy.engine.Engine [generated in 0.00030s] ()
INFO:sqlalchemy.engine.Engine:[generated in 0.00030s] ()
2026-03-29 15:04:27,187 INFO sqlalchemy.engine.Engine COMMIT
INFO:sqlalchemy.engine.Engine:COMMIT
2026-03-29 15:04:27,189 INFO sqlalchemy.engine.Engine BEGIN (implicit)
INFO:sqlalchemy.engine.Engine:BEGIN (implicit)
2026-03-29 15:04:27,375 INFO sqlalchemy.engine.Engine SELECT "user".id, "user".full_name, "user".username, "user".hashed_password, "user".is_active, "user".role, "user".manager_id 
FROM "user" 
WHERE "user".username = $1::VARCHAR
INFO:sqlalchemy.engine.Engine:SELECT "user".id, "user".full_name, "user".username, "user".hashed_password, "user".is_active, "user".role, "user".manager_id 
FROM "user" 
WHERE "user".username = $1::VARCHAR
2026-03-29 15:04:27,378 INFO sqlalchemy.engine.Engine [generated in 0.00286s] ('admin',)
INFO:sqlalchemy.engine.Engine:[generated in 0.00286s] ('admin',)
INFO:app.initial_data:Superuser already exists
2026-03-29 15:04:27,404 INFO sqlalchemy.engine.Engine SELECT "user".id, "user".full_name, "user".username, "user".hashed_password, "user".is_active, "user".role, "user".manager_id 
FROM "user" 
WHERE "user".username = $1::VARCHAR
INFO:sqlalchemy.engine.Engine:SELECT "user".id, "user".full_name, "user".username, "user".hashed_password, "user".is_active, "user".role, "user".manager_id 
FROM "user" 
WHERE "user".username = $1::VARCHAR
2026-03-29 15:04:27,404 INFO sqlalchemy.engine.Engine [cached since 0.02901s ago] ('admin123',)
INFO:sqlalchemy.engine.Engine:[cached since 0.02901s ago] ('admin123',)
2026-03-29 15:04:27,928 INFO sqlalchemy.engine.Engine UPDATE "user" SET hashed_password=$1::VARCHAR WHERE "user".id = $2::INTEGER
INFO:sqlalchemy.engine.Engine:UPDATE "user" SET hashed_password=$1::VARCHAR WHERE "user".id = $2::INTEGER
2026-03-29 15:04:27,929 INFO sqlalchemy.engine.Engine [generated in 0.00067s] ('$2b$12$.0P/m8qRDBXuofE8Ycwz3uhl3dEFNMAz.iEylVIThbj/9Nh17FQrC', 11)
INFO:sqlalchemy.engine.Engine:[generated in 0.00067s] ('$2b$12$.0P/m8qRDBXuofE8Ycwz3uhl3dEFNMAz.iEylVIThbj/9Nh17FQrC', 11)
2026-03-29 15:04:27,940 INFO sqlalchemy.engine.Engine COMMIT
INFO:sqlalchemy.engine.Engine:COMMIT
INFO:app.initial_data:HRD account (admin123) updated/verified
2026-03-29 15:04:27,948 INFO sqlalchemy.engine.Engine BEGIN (implicit)
INFO:sqlalchemy.engine.Engine:BEGIN (implicit)
2026-03-29 15:04:27,949 INFO sqlalchemy.engine.Engine SELECT "user".id, "user".full_name, "user".username, "user".hashed_password, "user".is_active, "user".role, "user".manager_id 
FROM "user" 
WHERE "user".username = $1::VARCHAR
INFO:sqlalchemy.engine.Engine:SELECT "user".id, "user".full_name, "user".username, "user".hashed_password, "user".is_active, "user".role, "user".manager_id 
FROM "user" 
WHERE "user".username = $1::VARCHAR
2026-03-29 15:04:27,950 INFO sqlalchemy.engine.Engine [cached since 0.5746s ago] ('owner',)
INFO:sqlalchemy.engine.Engine:[cached since 0.5746s ago] ('owner',)
2026-03-29 15:04:28,466 INFO sqlalchemy.engine.Engine UPDATE "user" SET hashed_password=$1::VARCHAR WHERE "user".id = $2::INTEGER
INFO:sqlalchemy.engine.Engine:UPDATE "user" SET hashed_password=$1::VARCHAR WHERE "user".id = $2::INTEGER
2026-03-29 15:04:28,466 INFO sqlalchemy.engine.Engine [cached since 0.5379s ago] ('$2b$12$ToW5DsROFOI0RloiVy4Jf.JqLixqjWCDpa2gpTeIIP2r8MyCTZ3TO', 15)
INFO:sqlalchemy.engine.Engine:[cached since 0.5379s ago] ('$2b$12$ToW5DsROFOI0RloiVy4Jf.JqLixqjWCDpa2gpTeIIP2r8MyCTZ3TO', 15)
2026-03-29 15:04:28,468 INFO sqlalchemy.engine.Engine COMMIT
INFO:sqlalchemy.engine.Engine:COMMIT
INFO:app.initial_data:Owner (investor) account updated/verified
INFO:     Application startup complete.
WARNING:  WatchFiles detected changes in 'app/api/v1/endpoints/dashboard.py'. Reloading...
INFO:     Shutting down
INFO:     Waiting for application shutdown.
INFO:     Application shutdown complete.
INFO:     Finished server process [51028]
/Users/macbook13/Documents/pharma_new/.venv/lib/python3.13/site-packages/pydantic/_internal/_config.py:383: UserWarning: Valid config keys have changed in V2:
* 'orm_mode' has been renamed to 'from_attributes'
  warnings.warn(message, UserWarning)
/Users/macbook13/Documents/pharma_new/.venv/lib/python3.13/site-packages/pydantic/_internal/_config.py:383: UserWarning: Valid config keys have changed in V2:
* 'orm_mode' has been renamed to 'from_attributes'
  warnings.warn(message, UserWarning)
/Users/macbook13/Documents/pharma_new/.venv/lib/python3.13/site-packages/pydantic/_internal/_config.py:383: UserWarning: Valid config keys have changed in V2:
* 'orm_mode' has been renamed to 'from_attributes'
  warnings.warn(message, UserWarning)
/Users/macbook13/Documents/pharma_new/backend/app/api/v1/endpoints/reports.py:23: FastAPIDeprecationWarning: `regex` has been deprecated, please use `pattern` instead
  period: str = Query("monthly", regex="^(daily|weekly|monthly|quarterly|yearly)$")
INFO:     Started server process [55074]
INFO:     Waiting for application startup.
INFO  [alembic.runtime.migration] Context impl PostgresqlImpl.
INFO  [alembic.runtime.migration] Will assume transactional DDL.
Running database migrations on startup...
Migrations applied successfully!
Initializing database data...
2026-03-29 15:21:08,697 INFO sqlalchemy.engine.Engine select pg_catalog.version()
INFO:sqlalchemy.engine.Engine:select pg_catalog.version()
2026-03-29 15:21:08,697 INFO sqlalchemy.engine.Engine [raw sql] ()
INFO:sqlalchemy.engine.Engine:[raw sql] ()
2026-03-29 15:21:08,699 INFO sqlalchemy.engine.Engine select current_schema()
INFO:sqlalchemy.engine.Engine:select current_schema()
2026-03-29 15:21:08,699 INFO sqlalchemy.engine.Engine [raw sql] ()
INFO:sqlalchemy.engine.Engine:[raw sql] ()
2026-03-29 15:21:08,700 INFO sqlalchemy.engine.Engine show standard_conforming_strings
INFO:sqlalchemy.engine.Engine:show standard_conforming_strings
2026-03-29 15:21:08,700 INFO sqlalchemy.engine.Engine [raw sql] ()
INFO:sqlalchemy.engine.Engine:[raw sql] ()
2026-03-29 15:21:08,702 INFO sqlalchemy.engine.Engine BEGIN (implicit)
INFO:sqlalchemy.engine.Engine:BEGIN (implicit)
2026-03-29 15:21:08,702 INFO sqlalchemy.engine.Engine 
            CREATE TABLE IF NOT EXISTS userloginhistory (
                id SERIAL PRIMARY KEY,
                user_id INTEGER NOT NULL REFERENCES "user"(id) ON DELETE CASCADE,
                login_at TIMESTAMP WITH TIME ZONE DEFAULT CURRENT_TIMESTAMP,
                ip_address VARCHAR,
                location VARCHAR,
                user_agent VARCHAR
            );
        
INFO:sqlalchemy.engine.Engine:
            CREATE TABLE IF NOT EXISTS userloginhistory (
                id SERIAL PRIMARY KEY,
                user_id INTEGER NOT NULL REFERENCES "user"(id) ON DELETE CASCADE,
                login_at TIMESTAMP WITH TIME ZONE DEFAULT CURRENT_TIMESTAMP,
                ip_address VARCHAR,
                location VARCHAR,
                user_agent VARCHAR
            );
        
2026-03-29 15:21:08,703 INFO sqlalchemy.engine.Engine [generated in 0.00017s] ()
INFO:sqlalchemy.engine.Engine:[generated in 0.00017s] ()
2026-03-29 15:21:08,707 INFO sqlalchemy.engine.Engine 
            CREATE TABLE IF NOT EXISTS user_regions (
                user_id INTEGER NOT NULL REFERENCES "user"(id) ON DELETE CASCADE,
                region_id INTEGER NOT NULL REFERENCES region(id) ON DELETE CASCADE,
                PRIMARY KEY (user_id, region_id)
            );
        
INFO:sqlalchemy.engine.Engine:
            CREATE TABLE IF NOT EXISTS user_regions (
                user_id INTEGER NOT NULL REFERENCES "user"(id) ON DELETE CASCADE,
                region_id INTEGER NOT NULL REFERENCES region(id) ON DELETE CASCADE,
                PRIMARY KEY (user_id, region_id)
            );
        
2026-03-29 15:21:08,707 INFO sqlalchemy.engine.Engine [generated in 0.00017s] ()
INFO:sqlalchemy.engine.Engine:[generated in 0.00017s] ()
2026-03-29 15:21:08,708 INFO sqlalchemy.engine.Engine COMMIT
INFO:sqlalchemy.engine.Engine:COMMIT
2026-03-29 15:21:08,709 INFO sqlalchemy.engine.Engine BEGIN (implicit)
INFO:sqlalchemy.engine.Engine:BEGIN (implicit)
2026-03-29 15:21:08,802 INFO sqlalchemy.engine.Engine SELECT "user".id, "user".full_name, "user".username, "user".hashed_password, "user".is_active, "user".role, "user".manager_id 
FROM "user" 
WHERE "user".username = $1::VARCHAR
INFO:sqlalchemy.engine.Engine:SELECT "user".id, "user".full_name, "user".username, "user".hashed_password, "user".is_active, "user".role, "user".manager_id 
FROM "user" 
WHERE "user".username = $1::VARCHAR
2026-03-29 15:21:08,803 INFO sqlalchemy.engine.Engine [generated in 0.00020s] ('admin',)
INFO:sqlalchemy.engine.Engine:[generated in 0.00020s] ('admin',)
INFO:app.initial_data:Superuser already exists
2026-03-29 15:21:08,813 INFO sqlalchemy.engine.Engine SELECT "user".id, "user".full_name, "user".username, "user".hashed_password, "user".is_active, "user".role, "user".manager_id 
FROM "user" 
WHERE "user".username = $1::VARCHAR
INFO:sqlalchemy.engine.Engine:SELECT "user".id, "user".full_name, "user".username, "user".hashed_password, "user".is_active, "user".role, "user".manager_id 
FROM "user" 
WHERE "user".username = $1::VARCHAR
2026-03-29 15:21:08,813 INFO sqlalchemy.engine.Engine [cached since 0.0106s ago] ('admin123',)
INFO:sqlalchemy.engine.Engine:[cached since 0.0106s ago] ('admin123',)
2026-03-29 15:21:09,069 INFO sqlalchemy.engine.Engine UPDATE "user" SET hashed_password=$1::VARCHAR WHERE "user".id = $2::INTEGER
INFO:sqlalchemy.engine.Engine:UPDATE "user" SET hashed_password=$1::VARCHAR WHERE "user".id = $2::INTEGER
2026-03-29 15:21:09,069 INFO sqlalchemy.engine.Engine [generated in 0.00021s] ('$2b$12$xvzJtEiFhYKDAWHBOcXKQehULzXtZvf0swWYUQ8.KSKK9L29hF7b6', 11)
INFO:sqlalchemy.engine.Engine:[generated in 0.00021s] ('$2b$12$xvzJtEiFhYKDAWHBOcXKQehULzXtZvf0swWYUQ8.KSKK9L29hF7b6', 11)
2026-03-29 15:21:09,075 INFO sqlalchemy.engine.Engine COMMIT
INFO:sqlalchemy.engine.Engine:COMMIT
INFO:app.initial_data:HRD account (admin123) updated/verified
2026-03-29 15:21:09,076 INFO sqlalchemy.engine.Engine BEGIN (implicit)
INFO:sqlalchemy.engine.Engine:BEGIN (implicit)
2026-03-29 15:21:09,076 INFO sqlalchemy.engine.Engine SELECT "user".id, "user".full_name, "user".username, "user".hashed_password, "user".is_active, "user".role, "user".manager_id 
FROM "user" 
WHERE "user".username = $1::VARCHAR
INFO:sqlalchemy.engine.Engine:SELECT "user".id, "user".full_name, "user".username, "user".hashed_password, "user".is_active, "user".role, "user".manager_id 
FROM "user" 
WHERE "user".username = $1::VARCHAR
2026-03-29 15:21:09,077 INFO sqlalchemy.engine.Engine [cached since 0.2742s ago] ('owner',)
INFO:sqlalchemy.engine.Engine:[cached since 0.2742s ago] ('owner',)
2026-03-29 15:21:09,318 INFO sqlalchemy.engine.Engine UPDATE "user" SET hashed_password=$1::VARCHAR WHERE "user".id = $2::INTEGER
INFO:sqlalchemy.engine.Engine:UPDATE "user" SET hashed_password=$1::VARCHAR WHERE "user".id = $2::INTEGER
2026-03-29 15:21:09,318 INFO sqlalchemy.engine.Engine [cached since 0.2493s ago] ('$2b$12$TCiKlv3CALGwEpToFpXC0e9c9oaAuDLQB/pn9Oe58ENYc616lcpCO', 15)
INFO:sqlalchemy.engine.Engine:[cached since 0.2493s ago] ('$2b$12$TCiKlv3CALGwEpToFpXC0e9c9oaAuDLQB/pn9Oe58ENYc616lcpCO', 15)
2026-03-29 15:21:09,320 INFO sqlalchemy.engine.Engine COMMIT
INFO:sqlalchemy.engine.Engine:COMMIT
INFO:app.initial_data:Owner (investor) account updated/verified
INFO:     Application startup complete.
WARNING:  WatchFiles detected changes in 'app/api/v1/endpoints/dashboard.py'. Reloading...
INFO:     Shutting down
INFO:     Waiting for application shutdown.
INFO:     Application shutdown complete.
INFO:     Finished server process [55074]
/Users/macbook13/Documents/pharma_new/.venv/lib/python3.13/site-packages/pydantic/_internal/_config.py:383: UserWarning: Valid config keys have changed in V2:
* 'orm_mode' has been renamed to 'from_attributes'
  warnings.warn(message, UserWarning)
/Users/macbook13/Documents/pharma_new/.venv/lib/python3.13/site-packages/pydantic/_internal/_config.py:383: UserWarning: Valid config keys have changed in V2:
* 'orm_mode' has been renamed to 'from_attributes'
  warnings.warn(message, UserWarning)
/Users/macbook13/Documents/pharma_new/.venv/lib/python3.13/site-packages/pydantic/_internal/_config.py:383: UserWarning: Valid config keys have changed in V2:
* 'orm_mode' has been renamed to 'from_attributes'
  warnings.warn(message, UserWarning)
/Users/macbook13/Documents/pharma_new/backend/app/api/v1/endpoints/reports.py:23: FastAPIDeprecationWarning: `regex` has been deprecated, please use `pattern` instead
  period: str = Query("monthly", regex="^(daily|weekly|monthly|quarterly|yearly)$")
INFO:     Started server process [56960]
INFO:     Waiting for application startup.
INFO  [alembic.runtime.migration] Context impl PostgresqlImpl.
INFO  [alembic.runtime.migration] Will assume transactional DDL.
Running database migrations on startup...
Migrations applied successfully!
Initializing database data...
2026-03-29 15:29:09,666 INFO sqlalchemy.engine.Engine select pg_catalog.version()
INFO:sqlalchemy.engine.Engine:select pg_catalog.version()
2026-03-29 15:29:09,667 INFO sqlalchemy.engine.Engine [raw sql] ()
INFO:sqlalchemy.engine.Engine:[raw sql] ()
2026-03-29 15:29:09,669 INFO sqlalchemy.engine.Engine select current_schema()
INFO:sqlalchemy.engine.Engine:select current_schema()
2026-03-29 15:29:09,669 INFO sqlalchemy.engine.Engine [raw sql] ()
INFO:sqlalchemy.engine.Engine:[raw sql] ()
2026-03-29 15:29:09,670 INFO sqlalchemy.engine.Engine show standard_conforming_strings
INFO:sqlalchemy.engine.Engine:show standard_conforming_strings
2026-03-29 15:29:09,670 INFO sqlalchemy.engine.Engine [raw sql] ()
INFO:sqlalchemy.engine.Engine:[raw sql] ()
2026-03-29 15:29:09,672 INFO sqlalchemy.engine.Engine BEGIN (implicit)
INFO:sqlalchemy.engine.Engine:BEGIN (implicit)
2026-03-29 15:29:09,673 INFO sqlalchemy.engine.Engine 
            CREATE TABLE IF NOT EXISTS userloginhistory (
                id SERIAL PRIMARY KEY,
                user_id INTEGER NOT NULL REFERENCES "user"(id) ON DELETE CASCADE,
                login_at TIMESTAMP WITH TIME ZONE DEFAULT CURRENT_TIMESTAMP,
                ip_address VARCHAR,
                location VARCHAR,
                user_agent VARCHAR
            );
        
INFO:sqlalchemy.engine.Engine:
            CREATE TABLE IF NOT EXISTS userloginhistory (
                id SERIAL PRIMARY KEY,
                user_id INTEGER NOT NULL REFERENCES "user"(id) ON DELETE CASCADE,
                login_at TIMESTAMP WITH TIME ZONE DEFAULT CURRENT_TIMESTAMP,
                ip_address VARCHAR,
                location VARCHAR,
                user_agent VARCHAR
            );
        
2026-03-29 15:29:09,673 INFO sqlalchemy.engine.Engine [generated in 0.00020s] ()
INFO:sqlalchemy.engine.Engine:[generated in 0.00020s] ()
2026-03-29 15:29:09,675 INFO sqlalchemy.engine.Engine 
            CREATE TABLE IF NOT EXISTS user_regions (
                user_id INTEGER NOT NULL REFERENCES "user"(id) ON DELETE CASCADE,
                region_id INTEGER NOT NULL REFERENCES region(id) ON DELETE CASCADE,
                PRIMARY KEY (user_id, region_id)
            );
        
INFO:sqlalchemy.engine.Engine:
            CREATE TABLE IF NOT EXISTS user_regions (
                user_id INTEGER NOT NULL REFERENCES "user"(id) ON DELETE CASCADE,
                region_id INTEGER NOT NULL REFERENCES region(id) ON DELETE CASCADE,
                PRIMARY KEY (user_id, region_id)
            );
        
2026-03-29 15:29:09,675 INFO sqlalchemy.engine.Engine [generated in 0.00016s] ()
INFO:sqlalchemy.engine.Engine:[generated in 0.00016s] ()
2026-03-29 15:29:09,676 INFO sqlalchemy.engine.Engine COMMIT
INFO:sqlalchemy.engine.Engine:COMMIT
2026-03-29 15:29:09,677 INFO sqlalchemy.engine.Engine BEGIN (implicit)
INFO:sqlalchemy.engine.Engine:BEGIN (implicit)
2026-03-29 15:29:09,794 INFO sqlalchemy.engine.Engine SELECT "user".id, "user".full_name, "user".username, "user".hashed_password, "user".is_active, "user".role, "user".manager_id 
FROM "user" 
WHERE "user".username = $1::VARCHAR
INFO:sqlalchemy.engine.Engine:SELECT "user".id, "user".full_name, "user".username, "user".hashed_password, "user".is_active, "user".role, "user".manager_id 
FROM "user" 
WHERE "user".username = $1::VARCHAR
2026-03-29 15:29:09,794 INFO sqlalchemy.engine.Engine [generated in 0.00030s] ('admin',)
INFO:sqlalchemy.engine.Engine:[generated in 0.00030s] ('admin',)
INFO:app.initial_data:Superuser already exists
2026-03-29 15:29:09,813 INFO sqlalchemy.engine.Engine SELECT "user".id, "user".full_name, "user".username, "user".hashed_password, "user".is_active, "user".role, "user".manager_id 
FROM "user" 
WHERE "user".username = $1::VARCHAR
INFO:sqlalchemy.engine.Engine:SELECT "user".id, "user".full_name, "user".username, "user".hashed_password, "user".is_active, "user".role, "user".manager_id 
FROM "user" 
WHERE "user".username = $1::VARCHAR
2026-03-29 15:29:09,813 INFO sqlalchemy.engine.Engine [cached since 0.01878s ago] ('admin123',)
INFO:sqlalchemy.engine.Engine:[cached since 0.01878s ago] ('admin123',)
2026-03-29 15:29:10,069 INFO sqlalchemy.engine.Engine UPDATE "user" SET hashed_password=$1::VARCHAR WHERE "user".id = $2::INTEGER
INFO:sqlalchemy.engine.Engine:UPDATE "user" SET hashed_password=$1::VARCHAR WHERE "user".id = $2::INTEGER
2026-03-29 15:29:10,070 INFO sqlalchemy.engine.Engine [generated in 0.00032s] ('$2b$12$urprjm2Jedp0ijDRMgppx.A/x.eqbT1TpL7i3GdJUz2UdVjnKxjgK', 11)
INFO:sqlalchemy.engine.Engine:[generated in 0.00032s] ('$2b$12$urprjm2Jedp0ijDRMgppx.A/x.eqbT1TpL7i3GdJUz2UdVjnKxjgK', 11)
2026-03-29 15:29:10,080 INFO sqlalchemy.engine.Engine COMMIT
INFO:sqlalchemy.engine.Engine:COMMIT
INFO:app.initial_data:HRD account (admin123) updated/verified
2026-03-29 15:29:10,082 INFO sqlalchemy.engine.Engine BEGIN (implicit)
INFO:sqlalchemy.engine.Engine:BEGIN (implicit)
2026-03-29 15:29:10,082 INFO sqlalchemy.engine.Engine SELECT "user".id, "user".full_name, "user".username, "user".hashed_password, "user".is_active, "user".role, "user".manager_id 
FROM "user" 
WHERE "user".username = $1::VARCHAR
INFO:sqlalchemy.engine.Engine:SELECT "user".id, "user".full_name, "user".username, "user".hashed_password, "user".is_active, "user".role, "user".manager_id 
FROM "user" 
WHERE "user".username = $1::VARCHAR
2026-03-29 15:29:10,082 INFO sqlalchemy.engine.Engine [cached since 0.2878s ago] ('owner',)
INFO:sqlalchemy.engine.Engine:[cached since 0.2878s ago] ('owner',)
2026-03-29 15:29:10,340 INFO sqlalchemy.engine.Engine UPDATE "user" SET hashed_password=$1::VARCHAR WHERE "user".id = $2::INTEGER
INFO:sqlalchemy.engine.Engine:UPDATE "user" SET hashed_password=$1::VARCHAR WHERE "user".id = $2::INTEGER
2026-03-29 15:29:10,340 INFO sqlalchemy.engine.Engine [cached since 0.2706s ago] ('$2b$12$JxVskQB9BIW2WmsIB7b1yOMlOLnWMhUBnlcKiK6SzHRI5kSRoFkm6', 15)
INFO:sqlalchemy.engine.Engine:[cached since 0.2706s ago] ('$2b$12$JxVskQB9BIW2WmsIB7b1yOMlOLnWMhUBnlcKiK6SzHRI5kSRoFkm6', 15)
2026-03-29 15:29:10,341 INFO sqlalchemy.engine.Engine COMMIT
INFO:sqlalchemy.engine.Engine:COMMIT
INFO:app.initial_data:Owner (investor) account updated/verified
INFO:     Application startup complete.
WARNING:  WatchFiles detected changes in 'app/api/v1/endpoints/finance.py'. Reloading...
INFO:     Shutting down
INFO:     Waiting for application shutdown.
INFO:     Application shutdown complete.
INFO:     Finished server process [56960]
/Users/macbook13/Documents/pharma_new/.venv/lib/python3.13/site-packages/pydantic/_internal/_config.py:383: UserWarning: Valid config keys have changed in V2:
* 'orm_mode' has been renamed to 'from_attributes'
  warnings.warn(message, UserWarning)
/Users/macbook13/Documents/pharma_new/.venv/lib/python3.13/site-packages/pydantic/_internal/_config.py:383: UserWarning: Valid config keys have changed in V2:
* 'orm_mode' has been renamed to 'from_attributes'
  warnings.warn(message, UserWarning)
/Users/macbook13/Documents/pharma_new/.venv/lib/python3.13/site-packages/pydantic/_internal/_config.py:383: UserWarning: Valid config keys have changed in V2:
* 'orm_mode' has been renamed to 'from_attributes'
  warnings.warn(message, UserWarning)
/Users/macbook13/Documents/pharma_new/backend/app/api/v1/endpoints/reports.py:23: FastAPIDeprecationWarning: `regex` has been deprecated, please use `pattern` instead
  period: str = Query("monthly", regex="^(daily|weekly|monthly|quarterly|yearly)$")
INFO:     Started server process [64933]
INFO:     Waiting for application startup.
INFO  [alembic.runtime.migration] Context impl PostgresqlImpl.
INFO  [alembic.runtime.migration] Will assume transactional DDL.
Running database migrations on startup...
Migrations applied successfully!
Initializing database data...
2026-03-29 16:29:37,031 INFO sqlalchemy.engine.Engine select pg_catalog.version()
INFO:sqlalchemy.engine.Engine:select pg_catalog.version()
2026-03-29 16:29:37,031 INFO sqlalchemy.engine.Engine [raw sql] ()
INFO:sqlalchemy.engine.Engine:[raw sql] ()
2026-03-29 16:29:37,034 INFO sqlalchemy.engine.Engine select current_schema()
INFO:sqlalchemy.engine.Engine:select current_schema()
2026-03-29 16:29:37,034 INFO sqlalchemy.engine.Engine [raw sql] ()
INFO:sqlalchemy.engine.Engine:[raw sql] ()
2026-03-29 16:29:37,036 INFO sqlalchemy.engine.Engine show standard_conforming_strings
INFO:sqlalchemy.engine.Engine:show standard_conforming_strings
2026-03-29 16:29:37,036 INFO sqlalchemy.engine.Engine [raw sql] ()
INFO:sqlalchemy.engine.Engine:[raw sql] ()
2026-03-29 16:29:37,038 INFO sqlalchemy.engine.Engine BEGIN (implicit)
INFO:sqlalchemy.engine.Engine:BEGIN (implicit)
2026-03-29 16:29:37,039 INFO sqlalchemy.engine.Engine 
            CREATE TABLE IF NOT EXISTS userloginhistory (
                id SERIAL PRIMARY KEY,
                user_id INTEGER NOT NULL REFERENCES "user"(id) ON DELETE CASCADE,
                login_at TIMESTAMP WITH TIME ZONE DEFAULT CURRENT_TIMESTAMP,
                ip_address VARCHAR,
                location VARCHAR,
                user_agent VARCHAR
            );
        
INFO:sqlalchemy.engine.Engine:
            CREATE TABLE IF NOT EXISTS userloginhistory (
                id SERIAL PRIMARY KEY,
                user_id INTEGER NOT NULL REFERENCES "user"(id) ON DELETE CASCADE,
                login_at TIMESTAMP WITH TIME ZONE DEFAULT CURRENT_TIMESTAMP,
                ip_address VARCHAR,
                location VARCHAR,
                user_agent VARCHAR
            );
        
2026-03-29 16:29:37,039 INFO sqlalchemy.engine.Engine [generated in 0.00027s] ()
INFO:sqlalchemy.engine.Engine:[generated in 0.00027s] ()
2026-03-29 16:29:37,042 INFO sqlalchemy.engine.Engine 
            CREATE TABLE IF NOT EXISTS user_regions (
                user_id INTEGER NOT NULL REFERENCES "user"(id) ON DELETE CASCADE,
                region_id INTEGER NOT NULL REFERENCES region(id) ON DELETE CASCADE,
                PRIMARY KEY (user_id, region_id)
            );
        
INFO:sqlalchemy.engine.Engine:
            CREATE TABLE IF NOT EXISTS user_regions (
                user_id INTEGER NOT NULL REFERENCES "user"(id) ON DELETE CASCADE,
                region_id INTEGER NOT NULL REFERENCES region(id) ON DELETE CASCADE,
                PRIMARY KEY (user_id, region_id)
            );
        
2026-03-29 16:29:37,042 INFO sqlalchemy.engine.Engine [generated in 0.00025s] ()
INFO:sqlalchemy.engine.Engine:[generated in 0.00025s] ()
2026-03-29 16:29:37,043 INFO sqlalchemy.engine.Engine COMMIT
INFO:sqlalchemy.engine.Engine:COMMIT
2026-03-29 16:29:37,044 INFO sqlalchemy.engine.Engine BEGIN (implicit)
INFO:sqlalchemy.engine.Engine:BEGIN (implicit)
2026-03-29 16:29:37,144 INFO sqlalchemy.engine.Engine SELECT "user".id, "user".full_name, "user".username, "user".hashed_password, "user".is_active, "user".role, "user".manager_id 
FROM "user" 
WHERE "user".username = $1::VARCHAR
INFO:sqlalchemy.engine.Engine:SELECT "user".id, "user".full_name, "user".username, "user".hashed_password, "user".is_active, "user".role, "user".manager_id 
FROM "user" 
WHERE "user".username = $1::VARCHAR
2026-03-29 16:29:37,144 INFO sqlalchemy.engine.Engine [generated in 0.00021s] ('admin',)
INFO:sqlalchemy.engine.Engine:[generated in 0.00021s] ('admin',)
INFO:app.initial_data:Superuser already exists
2026-03-29 16:29:37,155 INFO sqlalchemy.engine.Engine SELECT "user".id, "user".full_name, "user".username, "user".hashed_password, "user".is_active, "user".role, "user".manager_id 
FROM "user" 
WHERE "user".username = $1::VARCHAR
INFO:sqlalchemy.engine.Engine:SELECT "user".id, "user".full_name, "user".username, "user".hashed_password, "user".is_active, "user".role, "user".manager_id 
FROM "user" 
WHERE "user".username = $1::VARCHAR
2026-03-29 16:29:37,155 INFO sqlalchemy.engine.Engine [cached since 0.01092s ago] ('admin123',)
INFO:sqlalchemy.engine.Engine:[cached since 0.01092s ago] ('admin123',)
2026-03-29 16:29:37,404 INFO sqlalchemy.engine.Engine UPDATE "user" SET hashed_password=$1::VARCHAR WHERE "user".id = $2::INTEGER
INFO:sqlalchemy.engine.Engine:UPDATE "user" SET hashed_password=$1::VARCHAR WHERE "user".id = $2::INTEGER
2026-03-29 16:29:37,404 INFO sqlalchemy.engine.Engine [generated in 0.00021s] ('$2b$12$nD3kcQa5yiSGvaFM/SBQQerbkXTPI3G.0OcqjaPGZ0Lewxbg9fAca', 11)
INFO:sqlalchemy.engine.Engine:[generated in 0.00021s] ('$2b$12$nD3kcQa5yiSGvaFM/SBQQerbkXTPI3G.0OcqjaPGZ0Lewxbg9fAca', 11)
2026-03-29 16:29:37,409 INFO sqlalchemy.engine.Engine COMMIT
INFO:sqlalchemy.engine.Engine:COMMIT
INFO:app.initial_data:HRD account (admin123) updated/verified
2026-03-29 16:29:37,410 INFO sqlalchemy.engine.Engine BEGIN (implicit)
INFO:sqlalchemy.engine.Engine:BEGIN (implicit)
2026-03-29 16:29:37,410 INFO sqlalchemy.engine.Engine SELECT "user".id, "user".full_name, "user".username, "user".hashed_password, "user".is_active, "user".role, "user".manager_id 
FROM "user" 
WHERE "user".username = $1::VARCHAR
INFO:sqlalchemy.engine.Engine:SELECT "user".id, "user".full_name, "user".username, "user".hashed_password, "user".is_active, "user".role, "user".manager_id 
FROM "user" 
WHERE "user".username = $1::VARCHAR
2026-03-29 16:29:37,411 INFO sqlalchemy.engine.Engine [cached since 0.2666s ago] ('owner',)
INFO:sqlalchemy.engine.Engine:[cached since 0.2666s ago] ('owner',)
2026-03-29 16:29:37,666 INFO sqlalchemy.engine.Engine UPDATE "user" SET hashed_password=$1::VARCHAR WHERE "user".id = $2::INTEGER
INFO:sqlalchemy.engine.Engine:UPDATE "user" SET hashed_password=$1::VARCHAR WHERE "user".id = $2::INTEGER
2026-03-29 16:29:37,666 INFO sqlalchemy.engine.Engine [cached since 0.2629s ago] ('$2b$12$L7Q2K3d3LKCu0xE2FWe9D.oNvtn3kfxjl02DYjKic4JH1l9fNHRqG', 15)
INFO:sqlalchemy.engine.Engine:[cached since 0.2629s ago] ('$2b$12$L7Q2K3d3LKCu0xE2FWe9D.oNvtn3kfxjl02DYjKic4JH1l9fNHRqG', 15)
2026-03-29 16:29:37,668 INFO sqlalchemy.engine.Engine COMMIT
INFO:sqlalchemy.engine.Engine:COMMIT
INFO:app.initial_data:Owner (investor) account updated/verified
INFO:     Application startup complete.
WARNING:  WatchFiles detected changes in 'app/api/v1/endpoints/dashboard.py'. Reloading...
INFO:     Shutting down
INFO:     Waiting for application shutdown.
INFO:     Application shutdown complete.
INFO:     Finished server process [64933]
/Users/macbook13/Documents/pharma_new/.venv/lib/python3.13/site-packages/pydantic/_internal/_config.py:383: UserWarning: Valid config keys have changed in V2:
* 'orm_mode' has been renamed to 'from_attributes'
  warnings.warn(message, UserWarning)
/Users/macbook13/Documents/pharma_new/.venv/lib/python3.13/site-packages/pydantic/_internal/_config.py:383: UserWarning: Valid config keys have changed in V2:
* 'orm_mode' has been renamed to 'from_attributes'
  warnings.warn(message, UserWarning)
/Users/macbook13/Documents/pharma_new/.venv/lib/python3.13/site-packages/pydantic/_internal/_config.py:383: UserWarning: Valid config keys have changed in V2:
* 'orm_mode' has been renamed to 'from_attributes'
  warnings.warn(message, UserWarning)
/Users/macbook13/Documents/pharma_new/backend/app/api/v1/endpoints/reports.py:23: FastAPIDeprecationWarning: `regex` has been deprecated, please use `pattern` instead
  period: str = Query("monthly", regex="^(daily|weekly|monthly|quarterly|yearly)$")
INFO:     Started server process [64972]
INFO:     Waiting for application startup.
INFO  [alembic.runtime.migration] Context impl PostgresqlImpl.
INFO  [alembic.runtime.migration] Will assume transactional DDL.
Running database migrations on startup...
Migrations applied successfully!
Initializing database data...
2026-03-29 16:30:06,191 INFO sqlalchemy.engine.Engine select pg_catalog.version()
INFO:sqlalchemy.engine.Engine:select pg_catalog.version()
2026-03-29 16:30:06,192 INFO sqlalchemy.engine.Engine [raw sql] ()
INFO:sqlalchemy.engine.Engine:[raw sql] ()
2026-03-29 16:30:06,194 INFO sqlalchemy.engine.Engine select current_schema()
INFO:sqlalchemy.engine.Engine:select current_schema()
2026-03-29 16:30:06,194 INFO sqlalchemy.engine.Engine [raw sql] ()
INFO:sqlalchemy.engine.Engine:[raw sql] ()
2026-03-29 16:30:06,195 INFO sqlalchemy.engine.Engine show standard_conforming_strings
INFO:sqlalchemy.engine.Engine:show standard_conforming_strings
2026-03-29 16:30:06,195 INFO sqlalchemy.engine.Engine [raw sql] ()
INFO:sqlalchemy.engine.Engine:[raw sql] ()
2026-03-29 16:30:06,196 INFO sqlalchemy.engine.Engine BEGIN (implicit)
INFO:sqlalchemy.engine.Engine:BEGIN (implicit)
2026-03-29 16:30:06,197 INFO sqlalchemy.engine.Engine 
            CREATE TABLE IF NOT EXISTS userloginhistory (
                id SERIAL PRIMARY KEY,
                user_id INTEGER NOT NULL REFERENCES "user"(id) ON DELETE CASCADE,
                login_at TIMESTAMP WITH TIME ZONE DEFAULT CURRENT_TIMESTAMP,
                ip_address VARCHAR,
                location VARCHAR,
                user_agent VARCHAR
            );
        
INFO:sqlalchemy.engine.Engine:
            CREATE TABLE IF NOT EXISTS userloginhistory (
                id SERIAL PRIMARY KEY,
                user_id INTEGER NOT NULL REFERENCES "user"(id) ON DELETE CASCADE,
                login_at TIMESTAMP WITH TIME ZONE DEFAULT CURRENT_TIMESTAMP,
                ip_address VARCHAR,
                location VARCHAR,
                user_agent VARCHAR
            );
        
2026-03-29 16:30:06,197 INFO sqlalchemy.engine.Engine [generated in 0.00017s] ()
INFO:sqlalchemy.engine.Engine:[generated in 0.00017s] ()
2026-03-29 16:30:06,198 INFO sqlalchemy.engine.Engine 
            CREATE TABLE IF NOT EXISTS user_regions (
                user_id INTEGER NOT NULL REFERENCES "user"(id) ON DELETE CASCADE,
                region_id INTEGER NOT NULL REFERENCES region(id) ON DELETE CASCADE,
                PRIMARY KEY (user_id, region_id)
            );
        
INFO:sqlalchemy.engine.Engine:
            CREATE TABLE IF NOT EXISTS user_regions (
                user_id INTEGER NOT NULL REFERENCES "user"(id) ON DELETE CASCADE,
                region_id INTEGER NOT NULL REFERENCES region(id) ON DELETE CASCADE,
                PRIMARY KEY (user_id, region_id)
            );
        
2026-03-29 16:30:06,198 INFO sqlalchemy.engine.Engine [generated in 0.00014s] ()
INFO:sqlalchemy.engine.Engine:[generated in 0.00014s] ()
2026-03-29 16:30:06,199 INFO sqlalchemy.engine.Engine COMMIT
INFO:sqlalchemy.engine.Engine:COMMIT
2026-03-29 16:30:06,200 INFO sqlalchemy.engine.Engine BEGIN (implicit)
INFO:sqlalchemy.engine.Engine:BEGIN (implicit)
2026-03-29 16:30:06,303 INFO sqlalchemy.engine.Engine SELECT "user".id, "user".full_name, "user".username, "user".hashed_password, "user".is_active, "user".role, "user".manager_id 
FROM "user" 
WHERE "user".username = $1::VARCHAR
INFO:sqlalchemy.engine.Engine:SELECT "user".id, "user".full_name, "user".username, "user".hashed_password, "user".is_active, "user".role, "user".manager_id 
FROM "user" 
WHERE "user".username = $1::VARCHAR
2026-03-29 16:30:06,303 INFO sqlalchemy.engine.Engine [generated in 0.00022s] ('admin',)
INFO:sqlalchemy.engine.Engine:[generated in 0.00022s] ('admin',)
INFO:app.initial_data:Superuser already exists
2026-03-29 16:30:06,310 INFO sqlalchemy.engine.Engine SELECT "user".id, "user".full_name, "user".username, "user".hashed_password, "user".is_active, "user".role, "user".manager_id 
FROM "user" 
WHERE "user".username = $1::VARCHAR
INFO:sqlalchemy.engine.Engine:SELECT "user".id, "user".full_name, "user".username, "user".hashed_password, "user".is_active, "user".role, "user".manager_id 
FROM "user" 
WHERE "user".username = $1::VARCHAR
2026-03-29 16:30:06,310 INFO sqlalchemy.engine.Engine [cached since 0.007392s ago] ('admin123',)
INFO:sqlalchemy.engine.Engine:[cached since 0.007392s ago] ('admin123',)
2026-03-29 16:30:06,585 INFO sqlalchemy.engine.Engine UPDATE "user" SET hashed_password=$1::VARCHAR WHERE "user".id = $2::INTEGER
INFO:sqlalchemy.engine.Engine:UPDATE "user" SET hashed_password=$1::VARCHAR WHERE "user".id = $2::INTEGER
2026-03-29 16:30:06,585 INFO sqlalchemy.engine.Engine [generated in 0.00030s] ('$2b$12$axVYEAF1oIhmwQZaMhTXIeTzWMNDCnafMd3O9CRsceiG6klBd.Mse', 11)
INFO:sqlalchemy.engine.Engine:[generated in 0.00030s] ('$2b$12$axVYEAF1oIhmwQZaMhTXIeTzWMNDCnafMd3O9CRsceiG6klBd.Mse', 11)
2026-03-29 16:30:06,591 INFO sqlalchemy.engine.Engine COMMIT
INFO:sqlalchemy.engine.Engine:COMMIT
INFO:app.initial_data:HRD account (admin123) updated/verified
2026-03-29 16:30:06,594 INFO sqlalchemy.engine.Engine BEGIN (implicit)
INFO:sqlalchemy.engine.Engine:BEGIN (implicit)
2026-03-29 16:30:06,594 INFO sqlalchemy.engine.Engine SELECT "user".id, "user".full_name, "user".username, "user".hashed_password, "user".is_active, "user".role, "user".manager_id 
FROM "user" 
WHERE "user".username = $1::VARCHAR
INFO:sqlalchemy.engine.Engine:SELECT "user".id, "user".full_name, "user".username, "user".hashed_password, "user".is_active, "user".role, "user".manager_id 
FROM "user" 
WHERE "user".username = $1::VARCHAR
2026-03-29 16:30:06,594 INFO sqlalchemy.engine.Engine [cached since 0.291s ago] ('owner',)
INFO:sqlalchemy.engine.Engine:[cached since 0.291s ago] ('owner',)
2026-03-29 16:30:06,841 INFO sqlalchemy.engine.Engine UPDATE "user" SET hashed_password=$1::VARCHAR WHERE "user".id = $2::INTEGER
INFO:sqlalchemy.engine.Engine:UPDATE "user" SET hashed_password=$1::VARCHAR WHERE "user".id = $2::INTEGER
2026-03-29 16:30:06,841 INFO sqlalchemy.engine.Engine [cached since 0.2562s ago] ('$2b$12$OAsziJNWkSasr3qAnTf51ezvn6LmQns3x4JDpB.wVmGAskifhneUm', 15)
INFO:sqlalchemy.engine.Engine:[cached since 0.2562s ago] ('$2b$12$OAsziJNWkSasr3qAnTf51ezvn6LmQns3x4JDpB.wVmGAskifhneUm', 15)
2026-03-29 16:30:06,842 INFO sqlalchemy.engine.Engine COMMIT
INFO:sqlalchemy.engine.Engine:COMMIT
INFO:app.initial_data:Owner (investor) account updated/verified
INFO:     Application startup complete.
